<?xml version="1.0" encoding="UTF-8"?>
<!-- Generated by org.testng.reporters.JUnitReportReporter -->
<testsuite hostname="Shubham" failures="0" tests="2" name="TestCases.CheckOut_Complete_Page_Test" time="16.061" errors="0" timestamp="2025-01-28T13:23:50 IST" skipped="0">
  <testcase classname="TestCases.CheckOut_Complete_Page_Test" name="verifyBackHomeBtnTest" time="8.026"/>
  <system-out>
    <![CDATA[Back to the inventory Page = https://www.saucedemo.com/inventory.html]]>
  </system-out>
  <testcase classname="TestCases.CheckOut_Complete_Page_Test" name="verifyTitleTest" time="8.035"/>
  <system-out>
    <![CDATA[Title of finish page = Checkout: Complete!]]>
  </system-out>
</testsuite> <!-- TestCases.CheckOut_Complete_Page_Test -->
