<?xml version="1.0" encoding="UTF-8"?>
<!-- Generated by org.testng.reporters.JUnitReportReporter -->
<testsuite hostname="Shubham" failures="0" tests="2" name="TestCases.CheckOutPage_1_Test" time="18.419" errors="0" timestamp="2025-01-28T13:23:50 IST" skipped="0">
  <testcase classname="TestCases.CheckOutPage_1_Test" name="inputInformationTest" time="7.867"/>
  <system-out>
    <![CDATA[URL of the Checkout page 2 = https://www.saucedemo.com/checkout-step-two.html]]>
  </system-out>
  <testcase classname="TestCases.CheckOutPage_1_Test" name="verifyURLCheckOutPage1Test" time="10.552"/>
  <system-out>
    <![CDATA[Checkout Page 1 Url is = https://www.saucedemo.com/checkout-step-one.html]]>
  </system-out>
</testsuite> <!-- TestCases.CheckOutPage_1_Test -->
