<?xml version="1.0" encoding="UTF-8"?>
<!-- Generated by org.testng.reporters.JUnitReportReporter -->
<testsuite hostname="Shubham" failures="0" tests="6" name="TestCases.CheckOutPage_2_Test" time="39.092" errors="0" timestamp="2025-01-28T13:23:50 IST" skipped="1">
  <testcase classname="TestCases.CheckOutPage_2_Test" name="verifyFinalPriceTest" time="7.662"/>
  <system-out>
    <![CDATA[Final payble amount = Total: $140.34]]>
  </system-out>
  <testcase classname="TestCases.CheckOutPage_2_Test" name="verifyDescriptionoifItemsTest" time="7.842"/>
  <system-out>
    <![CDATA[Description of items added in Checkout2 page =Description]]>
  </system-out>
  <testcase classname="TestCases.CheckOutPage_2_Test" name="clickOnFinishBtnTest" time="7.881"/>
  <system-out>
    <![CDATA[Url of the complete page = https://www.saucedemo.com/checkout-complete.html]]>
  </system-out>
  <testcase classname="TestCases.CheckOutPage_2_Test" name="verifyPaymentInformationTest" time="7.741"/>
  <system-out>
    <![CDATA[Payment Details = Payment Information:]]>
  </system-out>
  <testcase classname="TestCases.CheckOutPage_2_Test" name="verifyPriceTotalTest" time="7.966"/>
  <system-out>
    <![CDATA[Total Price Information = Price Total]]>
  </system-out>
  <testcase classname="TestCases.CheckOutPage_2_Test" name="ClickOnCancelBtnTest">
    <skipped/>
  </testcase> <!-- ClickOnCancelBtnTest -->
  <system-out/>
</testsuite> <!-- TestCases.CheckOutPage_2_Test -->
