<?xml version="1.0" encoding="UTF-8"?>
<!-- Generated by org.testng.reporters.JUnitReportReporter -->
<testsuite hostname="Shubham" failures="0" tests="4" name="TestCases.Inventory_Page_Test" time="41.117" errors="0" timestamp="2025-01-21T17:49:29 IST" skipped="0">
  <testcase classname="TestCases.Inventory_Page_Test" name="verifyproductLableTest" time="9.082"/>
  <system-out>
    <![CDATA[Lable of Invetory Page = Products]]>
  </system-out>
  <testcase classname="TestCases.Inventory_Page_Test" name="remove2ProductTest" time="13.168"/>
  <system-out>
    <![CDATA[Count of product after removing = 4]]>
  </system-out>
  <testcase classname="TestCases.Inventory_Page_Test" name="verifyTwitterLogoTest" time="9.013"/>
  <system-out>
    <![CDATA[Visibility of the twitter Logo = true]]>
  </system-out>
  <testcase classname="TestCases.Inventory_Page_Test" name="add6productTest" time="9.854"/>
  <system-out>
    <![CDATA[Total product added to cart = 6]]>
  </system-out>
</testsuite> <!-- TestCases.Inventory_Page_Test -->
