<?xml version="1.0" encoding="UTF-8"?>
<!-- Generated by org.testng.reporters.JUnitReportReporter -->
<testsuite hostname="Shubham" failures="0" tests="3" name="TestCases.LoginTestPage" time="24.327" errors="0" timestamp="2025-01-28T13:05:46 IST" skipped="0">
  <testcase classname="TestCases.LoginTestPage" name="verifyURLofApplication" time="5.831"/>
  <system-out/>
  <testcase classname="TestCases.LoginTestPage" name="loginToApplication" time="9.857"/>
  <system-out/>
  <testcase classname="TestCases.LoginTestPage" name="verifyTitleofApplication" time="8.639"/>
  <system-out/>
</testsuite> <!-- TestCases.LoginTestPage -->
